<?xml version="1.0" encoding="UTF-8"?>
<testsuite xmlns:xsi="http://www.w3.org/2001/XMLSchema-instance" xsi:noNamespaceSchemaLocation="https://maven.apache.org/surefire/maven-surefire-plugin/xsd/surefire-test-report-3.0.xsd" version="3.0" name="cl.iplacex.examen.unit.InventarioServiceTest" time="0.208" tests="8" errors="0" skipped="0" failures="0">
  <properties>
[...]
</properties>
  <testcase name="disparaAlertaCuandoElStockQuedaBajoElUmbral" classname="cl.iplacex.examen.unit.InventarioServiceTest" time="0.072"/>
  <testcase name="rechazaCantidadesNoPositivas" classname="cl.iplacex.examen.unit.InventarioServiceTest" time="0.005"/>
  <testcase name="lanzaExcepcionSiElProductoNoExiste" classname="cl.iplacex.examen.unit.InventarioServiceTest" time="0.002"/>
  <testcase name="noHayAlertaSiElStockEstaSobreElUmbral" classname="cl.iplacex.examen.unit.InventarioServiceTest" time="0.002"/>
  <testcase name="noPermiteQueElStockQuedeNegativo" classname="cl.iplacex.examen.unit.InventarioServiceTest" time="0.009"/>
  <testcase name="sumaCorrectamenteUnIngreso(int, int)[1]" classname="cl.iplacex.examen.unit.InventarioServiceTest" time="0.017"/>
  <testcase name="sumaCorrectamenteUnIngreso(int, int)[2]" classname="cl.iplacex.examen.unit.InventarioServiceTest" time="0.001"/>
  <testcase name="sumaCorrectamenteUnIngreso(int, int)[3]" classname="cl.iplacex.examen.unit.InventarioServiceTest" time="0.002"/>
</testsuite>