<?xml version="1.0" encoding="UTF-8"?>
<testsuite xmlns:xsi="http://www.w3.org/2001/XMLSchema-instance" xsi:noNamespaceSchemaLocation="https://maven.apache.org/surefire/maven-failsafe-plugin/xsd/failsafe-test-report-3.0.xsd" version="3.0" name="cl.iplacex.examen.integration.LoginInventarioSeleniumIT" time="8.944" tests="2" errors="0" skipped="0" failures="0">
  <properties>
[...]
</properties>
  <testcase name="noPermiteEntrarConCredencialesInvalidas" classname="cl.iplacex.examen.integration.LoginInventarioSeleniumIT" time="5.052">
    <system-out><![CDATA[20:29:03.628 [main] INFO org.springframework.test.context.support.AnnotationConfigContextLoaderUtils -- Could not detect default configuration classes for test class [cl.iplacex.examen.integration.LoginInventarioSeleniumIT]: LoginInventarioSeleniumIT does not declare any static, non-private, non-final, nested classes annotated with @Configuration.
20:29:03.694 [main] INFO org.springframework.boot.test.context.SpringBootTestContextBootstrapper -- Found @SpringBootConfiguration cl.iplacex.examen.AppInventarioTiendaApplication for test class cl.iplacex.examen.integration.LoginInventarioSeleniumIT
20:29:03.760 [main] INFO org.springframework.test.context.support.AnnotationConfigContextLoaderUtils -- Could not detect default configuration classes for test class [cl.iplacex.examen.integration.LoginInventarioSeleniumIT]: LoginInventarioSeleniumIT does not declare any static, non-private, non-final, nested classes annotated with @Configuration.
20:29:03.762 [main] INFO org.springframework.boot.test.context.SpringBootTestContextBootstrapper -- Found @SpringBootConfiguration cl.iplacex.examen.AppInventarioTiendaApplication for test class cl.iplacex.examen.integration.LoginInventarioSeleniumIT

  .   ____          _            __ _ _
 /\\ / ___'_ __ _ _(_)_ __  __ _ \ \ \ \
( ( )\___ | '_ | '_| | '_ \/ _` | \ \ \ \
 \\/  ___)| |_)| | | | | || (_| |  ) ) ) )
  '  |____| .__|_| |_|_| |_\__, | / / / /
 =========|_|==============|___/=/_/_/_/

 :: Spring Boot ::                (v4.1.1)

2026-09-16T20:29:04.099Z  INFO 2387 --- [app-inventario-tienda] [           main] c.i.e.i.LoginInventarioSeleniumIT        : Starting LoginInventarioSeleniumIT using Java 17.0.20.1 with PID 2387 (started by runner in /home/runner/work/app-inventario-tienda-ds/app-inventario-tienda-ds)
2026-09-16T20:29:04.100Z  INFO 2387 --- [app-inventario-tienda] [           main] c.i.e.i.LoginInventarioSeleniumIT        : No active profile set, falling back to 1 default profile: "default"
2026-09-16T20:29:05.156Z  INFO 2387 --- [app-inventario-tienda] [           main] o.s.boot.tomcat.TomcatWebServer          : Tomcat initialized with port 0 (http)
2026-09-16T20:29:05.175Z  INFO 2387 --- [app-inventario-tienda] [           main] o.apache.catalina.core.StandardService   : Starting service [Tomcat]
2026-09-16T20:29:05.176Z  INFO 2387 --- [app-inventario-tienda] [           main] o.apache.catalina.core.StandardEngine    : Starting Servlet engine: [Apache Tomcat/11.0.26]
2026-09-16T20:29:05.220Z  INFO 2387 --- [app-inventario-tienda] [           main] b.w.c.s.WebApplicationContextInitializer : Root WebApplicationContext: initialization completed in 777 ms
2026-09-16T20:29:05.800Z  INFO 2387 --- [app-inventario-tienda] [           main] o.s.b.a.e.web.EndpointLinksResolver      : Exposing 2 endpoints beneath base path '/actuator'
2026-09-16T20:29:05.870Z  INFO 2387 --- [app-inventario-tienda] [           main] o.s.boot.tomcat.TomcatWebServer          : Tomcat started on port 35837 (http) with context path '/'
2026-09-16T20:29:05.877Z  INFO 2387 --- [app-inventario-tienda] [           main] c.i.e.i.LoginInventarioSeleniumIT        : Started LoginInventarioSeleniumIT in 2.074 seconds (process running for 2.898)
2026-09-16T20:29:07.556Z  INFO 2387 --- [app-inventario-tienda] [           main] i.g.bonigarcia.wdm.WebDriverManager      : Using chromedriver 152.0.7977.82 (resolved driver for Chrome 152)
2026-09-16T20:29:07.591Z  INFO 2387 --- [app-inventario-tienda] [           main] i.g.bonigarcia.wdm.online.Downloader     : Downloading https://storage.googleapis.com/chrome-for-testing-public/152.0.7977.82/linux64/chromedriver-linux64.zip
2026-09-16T20:29:07.962Z  INFO 2387 --- [app-inventario-tienda] [           main] i.g.bonigarcia.wdm.online.Downloader     : Extracting driver from compressed file chromedriver-linux64.zip
2026-09-16T20:29:08.084Z  INFO 2387 --- [app-inventario-tienda] [           main] i.g.bonigarcia.wdm.WebDriverManager      : Exporting webdriver.chrome.driver as /home/runner/.cache/selenium/chromedriver/linux64/152.0.7977.82/chromedriver
2026-09-16T20:29:10.507Z  WARN 2387 --- [app-inventario-tienda] [           main] o.o.selenium.devtools.CdpVersionFinder   : Unable to find CDP implementation matching 152
2026-09-16T20:29:10.508Z  WARN 2387 --- [app-inventario-tienda] [           main] o.o.selenium.chromium.ChromiumDriver     : Unable to find version of CDP to use for 152.0.7977.82. You may need to include a dependency on a specific version of the CDP using something similar to `org.seleniumhq.selenium:selenium-devtools-v86:4.24.0` where the version ("v86") matches the version of the chromium-based browser you're using and the version number of the artifact is the same as Selenium's.
2026-09-16T20:29:10.561Z  INFO 2387 --- [app-inventario-tienda] [o-auto-1-exec-1] o.a.c.c.C.[Tomcat].[localhost].[/]       : Initializing Spring DispatcherServlet 'dispatcherServlet'
2026-09-16T20:29:10.561Z  INFO 2387 --- [app-inventario-tienda] [o-auto-1-exec-1] o.s.web.servlet.DispatcherServlet        : Initializing Servlet 'dispatcherServlet'
2026-09-16T20:29:10.562Z  INFO 2387 --- [app-inventario-tienda] [o-auto-1-exec-1] o.s.web.servlet.DispatcherServlet        : Completed initialization in 1 ms
]]></system-out>
  </testcase>
  <testcase name="iniciaSesionYRegistraMovimientoDeStock" classname="cl.iplacex.examen.integration.LoginInventarioSeleniumIT" time="1.239">
    <system-out><![CDATA[2026-09-16T20:29:11.280Z  INFO 2387 --- [app-inventario-tienda] [           main] i.g.bonigarcia.wdm.WebDriverManager      : Using chromedriver 152.0.7977.82 (resolved driver for Chrome 152)
2026-09-16T20:29:11.284Z  INFO 2387 --- [app-inventario-tienda] [           main] i.g.bonigarcia.wdm.WebDriverManager      : Exporting webdriver.chrome.driver as /home/runner/.cache/selenium/chromedriver/linux64/152.0.7977.82/chromedriver
2026-09-16T20:29:11.547Z  WARN 2387 --- [app-inventario-tienda] [           main] o.o.selenium.devtools.CdpVersionFinder   : Unable to find CDP implementation matching 152
2026-09-16T20:29:11.548Z  WARN 2387 --- [app-inventario-tienda] [           main] o.o.selenium.chromium.ChromiumDriver     : Unable to find version of CDP to use for 152.0.7977.82. You may need to include a dependency on a specific version of the CDP using something similar to `org.seleniumhq.selenium:selenium-devtools-v86:4.24.0` where the version ("v86") matches the version of the chromium-based browser you're using and the version number of the artifact is the same as Selenium's.
]]></system-out>
  </testcase>
</testsuite>